D:\Projects\Angular2Demo\Angular2Demo\src\app\app.component.js
D:\Projects\Angular2Demo\Angular2Demo\src\app\app.component.js.map
D:\Projects\Angular2Demo\Angular2Demo\src\app\app.module.js
D:\Projects\Angular2Demo\Angular2Demo\src\app\app.module.js.map
D:\Projects\Angular2Demo\Angular2Demo\src\main.js
D:\Projects\Angular2Demo\Angular2Demo\src\main.js.map
D:\Projects\Angular2Demo\Angular2Demo\src\app\app.component.spec.js
D:\Projects\Angular2Demo\Angular2Demo\src\app\app.component.spec.js.map
D:\Projects\Angular2Demo\Angular2Demo\src\app\app.component.js
D:\Projects\Angular2Demo\Angular2Demo\src\app\app.component.js.map
D:\Projects\Angular2Demo\Angular2Demo\src\app\app.module.js
D:\Projects\Angular2Demo\Angular2Demo\src\app\app.module.js.map
D:\Projects\Angular2Demo\Angular2Demo\src\main.js
D:\Projects\Angular2Demo\Angular2Demo\src\main.js.map
D:\Projects\Angular2Demo\Angular2Demo\src\app\app.component.spec.js
D:\Projects\Angular2Demo\Angular2Demo\src\app\app.component.spec.js.map
D:\Projects\Angular2Demo\Angular2Demo\src\app\app.component.js
D:\Projects\Angular2Demo\Angular2Demo\src\app\app.component.js.map
D:\Projects\Angular2Demo\Angular2Demo\src\app\app.module.js
D:\Projects\Angular2Demo\Angular2Demo\src\app\app.module.js.map
D:\Projects\Angular2Demo\Angular2Demo\src\main.js
D:\Projects\Angular2Demo\Angular2Demo\src\main.js.map
D:\Projects\Angular2Demo\Angular2Demo\src\app\app.component.spec.js
D:\Projects\Angular2Demo\Angular2Demo\src\app\app.component.spec.js.map
D:\Projects\Angular2Demo\Angular2Demo\src\app\app.component.js
D:\Projects\Angular2Demo\Angular2Demo\src\app\app.component.js.map
D:\Projects\Angular2Demo\Angular2Demo\src\app\app.module.js
D:\Projects\Angular2Demo\Angular2Demo\src\app\app.module.js.map
D:\Projects\Angular2Demo\Angular2Demo\src\main.js
D:\Projects\Angular2Demo\Angular2Demo\src\main.js.map
D:\Projects\Angular2Demo\Angular2Demo\src\app\app.component.spec.js
D:\Projects\Angular2Demo\Angular2Demo\src\app\app.component.spec.js.map
